
Jun 08, 2017 19:53:46.82 NEW SESSION
Jun 08, 2017 19:53:46.82 [GPU 12760] WARNING: pipe error: 109: file c:/builds/moz2_slave/m-rel-w32-00000000000000000000/build/src/ipc/chromium/src/chrome/common/ipc_channel_win.cc, line 346
Jun 08, 2017 19:53:46.83 [Child 25944] WARNING: pipe error: 109: file c:/builds/moz2_slave/m-rel-w32-00000000000000000000/build/src/ipc/chromium/src/chrome/common/ipc_channel_win.cc, line 346
Jun 08, 2017 19:53:46.84 [Child 25944] WARNING: pipe error: 109: file c:/builds/moz2_slave/m-rel-w32-00000000000000000000/build/src/ipc/chromium/src/chrome/common/ipc_channel_win.cc, line 346
Jun 08, 2017 19:53:47.96 
Jun 08, 2017 19:53:47.97 ###!!! [Child][MessageChannel::SendAndWait] Error: Channel error: cannot send/recv
Jun 08, 2017 19:53:47.98 
Jun 08, 2017 19:54:05.72 [GPU 27300] WARNING: pipe error: 109: file c:/builds/moz2_slave/m-rel-w32-00000000000000000000/build/src/ipc/chromium/src/chrome/common/ipc_channel_win.cc, line 346
Jun 08, 2017 19:54:07.36 
Jun 08, 2017 19:54:07.36 ###!!! [Child][MessageChannel::SendAndWait] Error: Channel error: cannot send/recv
Jun 08, 2017 19:54:07.37 
Jun 08, 2017 21:16:39.11 [GPU 27560] WARNING: pipe error: 109: file c:/builds/moz2_slave/m-rel-w32-00000000000000000000/build/src/ipc/chromium/src/chrome/common/ipc_channel_win.cc, line 346
Jun 08, 2017 21:16:39.13 [Child 27364] WARNING: pipe error: 109: file c:/builds/moz2_slave/m-rel-w32-00000000000000000000/build/src/ipc/chromium/src/chrome/common/ipc_channel_win.cc, line 346
Jun 08, 2017 21:16:39.14 [Child 27364] WARNING: pipe error: 109: file c:/builds/moz2_slave/m-rel-w32-00000000000000000000/build/src/ipc/chromium/src/chrome/common/ipc_channel_win.cc, line 346
Jun 08, 2017 21:16:39.56 
Jun 08, 2017 21:16:39.57 ###!!! [Child][MessageChannel::SendAndWait] Error: Channel error: cannot send/recv
Jun 08, 2017 21:16:39.57 
Jun 08, 2017 21:44:42.91 [GPU 29412] WARNING: pipe error: 109: file c:/builds/moz2_slave/m-rel-w32-00000000000000000000/build/src/ipc/chromium/src/chrome/common/ipc_channel_win.cc, line 346
Jun 08, 2017 21:44:43.02 [Child 12436] WARNING: pipe error: 109: file c:/builds/moz2_slave/m-rel-w32-00000000000000000000/build/src/ipc/chromium/src/chrome/common/ipc_channel_win.cc, line 346
Jun 08, 2017 21:44:43.34 
Jun 08, 2017 21:44:43.35 ###!!! [Child][MessageChannel::SendAndWait] Error: Channel error: cannot send/recv
Jun 08, 2017 21:44:43.36 

Jun 09, 2017 10:40:00.17 NEW SESSION
Jun 09, 2017 10:40:00.17 [GPU 19288] WARNING: pipe error: 109: file c:/builds/moz2_slave/m-rel-w32-00000000000000000000/build/src/ipc/chromium/src/chrome/common/ipc_channel_win.cc, line 346
Jun 09, 2017 10:40:02.75 [GPU 19288] WARNING: pipe error: 109: file c:/builds/moz2_slave/m-rel-w32-00000000000000000000/build/src/ipc/chromium/src/chrome/common/ipc_channel_win.cc, line 346
Jun 09, 2017 10:40:02.85 [Child 27732] WARNING: pipe error: 109: file c:/builds/moz2_slave/m-rel-w32-00000000000000000000/build/src/ipc/chromium/src/chrome/common/ipc_channel_win.cc, line 346
Jun 09, 2017 10:40:02.85 [Child 27732] WARNING: pipe error: 109: file c:/builds/moz2_slave/m-rel-w32-00000000000000000000/build/src/ipc/chromium/src/chrome/common/ipc_channel_win.cc, line 346
Jun 09, 2017 10:40:03.43 
Jun 09, 2017 10:40:03.44 ###!!! [Child][MessageChannel::SendAndWait] Error: Channel error: cannot send/recv
Jun 09, 2017 10:40:03.44 
